There are 4 devices supporting CUDA

Device 0: "Z100SM"  [SELECTED]
  Major revision number:                         9
  Minor revision number:                         0
  Total amount of global memory:                 17163091968 bytes
  Multiple processors count:                     64
  Shared memory:                                 65536 bytes

Device 1: "Z100SM"
  Major revision number:                         9
  Minor revision number:                         0
  Total amount of global memory:                 17163091968 bytes
  Multiple processors count:                     64
  Shared memory:                                 65536 bytes

Device 2: "Z100SM"
  Major revision number:                         9
  Minor revision number:                         0
  Total amount of global memory:                 17163091968 bytes
  Multiple processors count:                     64
  Shared memory:                                 65536 bytes

Device 3: "Z100SM"
  Major revision number:                         9
  Minor revision number:                         0
  Total amount of global memory:                 17163091968 bytes
  Multiple processors count:                     64
  Shared memory:                                 65536 bytes

There are 4 devices supporting CUDA

Device 0: "Z100SM"  [SELECTED]
  Major revision number:                         9
  Minor revision number:                         0
  Total amount of global memory:                 17163091968 bytes
  Multiple processors count:                     64
  Shared memory:                                 65536 bytes

Device 1: "Z100SM"
  Major revision number:                         9
  Minor revision number:                         0
  Total amount of global memory:                 17163091968 bytes
  Multiple processors count:                     64
  Shared memory:                                 65536 bytes

Device 2: "Z100SM"
  Major revision number:                         9
  Minor revision number:                         0
  Total amount of global memory:                 17163091968 bytes
  Multiple processors count:                     64
  Shared memory:                                 65536 bytes

Device 3: "Z100SM"
  Major revision number:                         9
  Minor revision number:                         0
  Total amount of global memory:                 17163091968 bytes
  Multiple processors count:                     64
  Shared memory:                                 65536 bytes

